PHP Warning:  Module 'zip' already loaded in Unknown on line 0
Loading: daily...

Р’С‹Р±РёСЂР°РµРј СЃС‚Р°С‚СЊРё...
Р’С‹Р±РёСЂР°РµРј РІРёРґРµРѕ...
Р’С‹Р±РёСЂР°РµРј СЃРѕРѕР±С‰РµРЅРёСЏ РІ Р±Р»РѕРіР°С…...
Р’С‹Р±РёСЂР°РµРј СЃРїРёСЃРѕРє Р°РґСЂРµСЃРѕРІ...
РџРѕРґРіРѕС‚Р°РІР»РёРІР°РµРј С‚РµРєСЃС‚...
РќРѕРІС‹Рµ РјР°С‚РµСЂРёР°Р»С‹ СЃ СЃР°Р№С‚Р° В«Р—Р°РїРѕР»СЏСЂРЅС‹Р№ РІРµСЃС‚РЅРёРєВ» <http://norilsk-zv.ru> 
21 Р°РІРіСѓСЃС‚Р° 2008 РіРѕРґР°, С‡РµС‚РІРµСЂРі, 20:00

---

В«РЇР±Р»РѕРєРё РѕСЃРІСЏС‚РёС‚СЊвЂ¦В» (Р®Р»РёСЏ РљРћРЎРўРРљРћР’Рђ)
Р’С‡РµСЂР° РІ РЅРѕСЂРёР»СЊСЃРєРѕРј С…СЂР°РјРµ Р’СЃРµС… РЎРєРѕСЂР±СЏС‰РёС… Р Р°РґРѕСЃС‚СЊ РїСЂРѕС€Р»Р° Р±РѕР¶РµСЃС‚РІРµРЅРЅР°СЏ Р»РёС‚СѓСЂРіРёСЏ РїРѕ СЃР»СѓС‡Р°СЋ РІРµР»РёРєРѕРіРѕ С†РµСЂРєРѕРІРЅРѕРіРѕ РїСЂР°Р·РґРЅРёРєР° вЂ“ РџСЂРµРѕР±СЂР°Р¶РµРЅРёСЏ Р“РѕСЃРїРѕРґРЅСЏ. Р’ РЅР°СЂРѕРґРµ РµРіРѕ РЅР°Р·С‹РІР°СЋС‚ Р’С‚РѕСЂС‹Рј, РёР»Рё РЇР±Р»РѕС‡РЅС‹Рј РЎРїР°СЃРѕРј.<br />


Р§РёС‚Р°С‚СЊ РґР°Р»СЊС€Рµ <http://norilsk-zv.ru/articles/yabloki_osvyatit.html>

---

В«РўРµСЂРјРёРЅР°Р»В» (Р’РёРєС‚РѕСЂ Р¦РђР Р•Р’)
РќРѕСЂРёР»СЊС‡Р°РЅРµ, РЅР° СЃРІРѕРµРј РѕРїС‹С‚Рµ РёР·СѓС‡РёРІС€РёРµ РІСЃРµ РїР»СЋСЃС‹ Рё РјРёРЅСѓСЃС‹ СЃС‚РѕР»РёС‡РЅС‹С… Р°СЌСЂРѕРїРѕСЂС‚РѕРІ, СЃР°РјС‹Рј РЅРµРєРѕРјС„РѕСЂС‚РЅС‹Рј РЅР°Р·С‹РІР°СЋС‚ РЁРµСЂРµРјРµС‚СЊРµРІРѕ. Р‘Р°Р·РёСЂСѓСЋС‰РёР№СЃСЏ С‚Р°Рј В«РђСЌСЂРѕС„Р»РѕС‚В» РЅР°РјРµСЂРµРЅ РІ СЃРєРѕСЂРѕРј Р±СѓРґСѓС‰РµРј РєР°СЂРґРёРЅР°Р»СЊРЅРѕ РёР·РјРµРЅРёС‚СЊ СЃРёС‚СѓР°С†РёСЋ Рё СЃС‚СЂРѕРёС‚ СЃРѕР±СЃС‚РІРµРЅРЅС‹Р№ СЃСѓРїРµСЂСЃРѕРІСЂРµРјРµРЅРЅС‹Р№ С‚РµСЂРјРёРЅР°Р».<br />


Р§РёС‚Р°С‚СЊ РґР°Р»СЊС€Рµ <http://norilsk-zv.ru/articles/terminal.html>

---

В«РЈРђР— РїРѕСЂР°Р·РёР» СЃРІРѕРµР№ РїСЂС‹С‚СЊСЋВ» (РђР»РµРєСЃР°РЅРґСЂ РЎР•РњР§Р•РќРљРћР’)
Р’ РІРѕСЃРєСЂРµСЃРµРЅСЊРµ РїСЂРѕС€РµР» Р·Р°РІРµСЂС€Р°СЋС‰РёР№ СЌС‚Р°Рї Р°РІС‚РѕС„РµСЃС‚РёРІР°Р»СЏ, РїРѕСЃРІСЏС‰РµРЅРЅРѕРіРѕ Р±РµР·РѕРїР°СЃРЅРѕСЃС‚Рё РґРѕСЂРѕР¶РЅРѕРіРѕ РґРІРёР¶РµРЅРёСЏ. РќР° СЌС‚РѕС‚ СЂР°Р· РѕРїСЂРµРґРµР»СЏР»СЃСЏ Р»СѓС‡С€РёР№ СЌРєРёРїР°Р¶ СЃСЂРµРґРё РѕРїРµСЂР°С‚РёРІРЅС‹С… СЃР»СѓР¶Р±. 

Р§РёС‚Р°С‚СЊ РґР°Р»СЊС€Рµ <http://norilsk-zv.ru/articles/uaz_porazil_svoey_prytyu.html>

---

В«РџРµСЂРІС‹Р№, РЅРѕ РЅРµ РїРѕСЃР»РµРґРЅРёР№В» (Р›Р°СЂРёСЃР° Р¤Р•Р”РРЁРРќРђ)
РќР° С‡РµС‚РІРµСЂРі Р·Р°РїР»Р°РЅРёСЂРѕРІР°РЅР° РїРµСЂРІР°СЏ РѕС‚РїСЂР°РІРєР° РёР· РќРѕСЂРёР»СЊСЃРєР° Р±Р»Р°РіРѕС‚РІРѕСЂРёС‚РµР»СЊРЅРѕР№ РїРѕРјРѕС‰Рё РїРѕСЃС‚СЂР°РґР°РІС€РёРј РІ РІРѕРµРЅРЅРѕРј РєРѕРЅС„Р»РёРєС‚Рµ РІ Р®Р¶РЅРѕР№ РћСЃРµС‚РёРё.

Р§РёС‚Р°С‚СЊ РґР°Р»СЊС€Рµ <http://norilsk-zv.ru/articles/pervyy_no_ne_posledniy.html>

---

В«РњРѕР»РѕРґС‹Рµ РЅР°СЃС‚СЂРѕРµРЅС‹ РЅР° РўР‘В» (РЎРµСЂРіРµР№ Р’РћР РћР‘Р¬Р•Р’)
РЎ РѕР·РµСЂР° Р›Р°РјР° РІРµСЂРЅСѓР»Р°СЃСЊ РіСЂСѓРїРїР° СѓС‡Р°СЃС‚РЅРёРєРѕРІ РµР¶РµРіРѕРґРЅРѕРіРѕ РѕС‚РєСЂС‹С‚РѕРіРѕ РєРѕРЅРєСѓСЂСЃР° СЌСЃСЃРµ, РїСЂРѕРІРѕРґРёРјРѕРіРѕ СѓРїСЂР°РІР»РµРЅРёРµРј РІРЅСѓС‚СЂРµРЅРЅРёС… РєРѕРјРјСѓРЅРёРєР°С†РёР№ РІ СЂР°РјРєР°С… РґРµСЏС‚РµР»СЊРЅРѕСЃС‚Рё РґРІРёР¶РµРЅРёСЏ РјРѕР»РѕРґС‹С… СЃРїРµС†РёР°Р»РёСЃС‚РѕРІ В«Р›РёРґРµСЂВ».<br />


Р§РёС‚Р°С‚СЊ РґР°Р»СЊС€Рµ <http://norilsk-zv.ru/articles/molodye_nastroeny_na_tb.html>

-----------------
  
РќРћР’РћР• Р’РР”Р•Рћ РЅР° СЃР°Р№С‚Рµ Р—Р’:
  
1. В«CРѕР±СЃС‚РІРµРЅРЅС‹Р№ Р°СЂРєС‚РёС‡РµСЃРєРёР№ С„Р»РѕС‚ - РіРѕСЂРґРѕСЃС‚СЊ "РќРѕСЂРЅРёРєРµР»СЏ"В»
РЎРјРѕС‚СЂРµС‚СЊ РІРёРґРµРѕ <http://norilsk-zv.ru/video/details/?id=45>


-----------------

Р‘Р›РћР“Р РЅР° СЃР°Р№С‚Рµ Р—Р’:
  
1. В«Р—Р’ РїСѓР±Р»РёРєСѓРµС‚ СЃС‚Р°С‚РёСЃС‚РёРєСѓ РїРѕСЃРµС‰Р°РµРјРѕСЃС‚Рё СЃРѕР±СЃС‚РІРµРЅРЅРѕРіРѕ РІРµР±-СЃР°Р№С‚Р°В» @ bald_reader
РЈРІР°Р¶Р°РµРјС‹Рµ СЂРµРєР»Р°РјРѕРґР°С‚РµР»Рё, "Р—Р°РїРѕР»СЏСЂРЅС‹Р№ РІРµСЃС‚РЅРёРє" РЅР°С‡РёРЅР°РµС‚ РїСѓР±Р»РёРєРѕРІР°С‚СЊ СЃС‚Р°С‚РёСЃС‚РёРєСѓ РїРѕСЃРµС‰Р°РµРјРѕСЃС‚Рё СЃРѕР±СЃС‚РІРµРЅРЅРѕРіРѕ СЃР°Р№С‚Р°. РџРѕРєР° РґРµР»Р°РµС‚СЃСЏ РІ СЂСѓС‡РЅРѕРј СЂРµР¶РёРјРµ. РЇ РїСЂРѕСЃС‚Рѕ РІС‹Р»РѕР¶Сѓ С„Р°Р№Р»С‹ СЃС‚Р°С‚РёСЃС‚РёРєРё Р·Р° РёСЋРЅСЊ, РёСЋР»СЊ Рё Р°РІРіСѓСЃС‚ (Р·Р° Р°РІРіСѓСЃС‚ РїРѕ СЃРѕСЃС‚РѕСЏРЅРёСЋ РЅР° 16.00 РњРЎРљ 20.08.2008) РІ СЃРІРѕР№ Р±Р»РѕРі. 
РЎ СЃРµРЅС‚СЏР±СЂСЏ РґР°РЅРЅС‹Рµ СЃС‚Р°С‚РёСЃС‚РёРєРё Р±СѓРґСѓС‚ РѕР±РЅ...
Р§РёС‚Р°С‚СЊ РґР°Р»РµРµ: <http://norilsk-zv.ru/blog/media/?view=38>


-----------------

РџРѕСЃРµС‚РёС‚Рµ РІРµСЂСЃРёСЋ СЃР°Р№С‚Р° В«Р—Р°РїРѕР»СЏСЂРЅРѕРіРѕ РІРµСЃС‚РЅРёРєР°В» РґР»СЏ РљРџРљ Рё СЃРјР°СЂС‚-С„РѕРЅРѕРІ
<http://wap.norilsk-zv.ru>

----

РћР± СЌС‚РѕРј E-mail
Р’С‹ РїРѕР»СѓС‡РёР»Рё СЌС‚РѕС‚ e-mail, РїРѕС‚РѕРјСѓ С‡С‚Рѕ РїРѕРґРїРёСЃР°РЅС‹ РЅР° СЂР°СЃСЃС‹Р»РєСѓ РјР°С‚РµСЂРёР°Р»РѕРІ РіР°Р·РµС‚С‹ В«Р—Р°РїРѕР»СЏСЂРЅС‹Р№ РІРµСЃС‚РЅРёРєВ»

Р§С‚РѕР±С‹ РѕС‚РєР°Р·Р°С‚СЊСЃСЏ РѕС‚ СЂР°СЃСЃС‹Р»РєРё РјР°С‚РµСЂРёР°Р»РѕРІ РїСЂРѕР№РґРёС‚Рµ РїРѕ СЃСЃС‹Р»РєРµ:
<#unsubscribe_url#>  

В«Р—Р°РїРѕР»СЏСЂРЅС‹Р№ РІРµСЃС‚РЅРёРєВ», 663300, РќРѕСЂРёР»СЊСЃРє, РљРѕРјСЃРѕРјРѕР»СЊСЃРєР°СЏ 33Р°, (3919)465900, e-mail: zv@nrd.ru
Copyright 2008 В«Р—Р°РїРѕР»СЏСЂРЅС‹Р№ РІРµСЃС‚РЅРёРєВ»


РћР±РЅРѕРІР»СЏРµРј СЃС‚Р°С‚СѓСЃ РјР°С‚РµСЂРёР°Р»РѕРІ...
РќР°С‡РёРЅР°РµРј СЂР°СЃСЃС‹Р»РєСѓ РїРѕ Р°РґСЂРµСЃР°Рј...
1. Sending email to konc@med.nrd.ru...
2. Sending email to petrovas@npf.nornik.ru...
3. Sending email to rmpi@norvuz.ru...
4. Sending email to mcm@norvuz.ru...
5. Sending email to serg_shefsk@mail.ru...
6. Sending email to ahmadiev.ef@gmail.com...
7. Sending email to lifesup@gmail.com...
8. Sending email to deblov@mail.ru...
9. Sending email to vlas@nk.nornik.ru...
10. Sending email to raven101@norcom.ru...
11. Sending email to pisanko@inbox.ru...
12. Sending email to numizma10@pochna.ru...
13. Sending email to dalyanlv@nk.nornik.ru...
14. Sending email to LSN07@yandex.ru...
15. Sending email to Tihka82@rambler.ru...
16. Sending email to teylor51@yandex.ru...
17. Sending email to suval60@norcom.ru...
18. Sending email to cubin@list.ru...
19. Sending email to NSalikhova@nik.beeline.ru...
20. Sending email to 5nasty@kanal7.ru...
21. Sending email to lars@norcom.ru...
22. Sending email to saltykova@norcom.ru...
23. Sending email to orez@mail.ru...
24. Sending email to grash@norcom.ru...
25. Sending email to stigma-diaboli@yandex.ru...
26. Sending email to komvar@mail.ru...
27. Sending email to siberiametals@bk.ru...
28. Sending email to goldkazah@mail.ru...
29. Sending email to kagero@norcom.ru...
30. Sending email to sergeenkoae@tf.nk.nornik.ru...
31. Sending email to nikolaev-misha78@mail.ru...
32. Sending email to alex20060071@yandex.ru...
33. Sending email to babanura@bk.ru...
34. Sending email to oganer16@mail.ru...
35. Sending email to ch_ch@nk.nornik.ru...
36. Sending email to kirin-alexei@yandex.ru...
37. Sending email to Olga260664@yandex.ru...
38. Sending email to floarya@yandex.ru...
39. Sending email to fmv2102@mail.ru...
AIMS CLOUD ======================
ARTICLES CLOUD ======================
BLOG CLOUD ======================
Done. 
Script execution time: 1219320002.716s. 83q.
